<?xml version="1.0" encoding="UTF-8"?>
<testng-results skipped="0" failed="0" total="2" passed="2">
  <reporter-output>
  </reporter-output>
  <suite name="Default suite" duration-ms="34655" started-at="2020-05-29T10:18:46Z" finished-at="2020-05-29T10:19:21Z">
    <groups>
    </groups>
    <test name="Default test" duration-ms="34655" started-at="2020-05-29T10:18:46Z" finished-at="2020-05-29T10:19:21Z">
      <class name="com.ohrm.qa.testcases.LoginPageTest">
        <test-method status="PASS" signature="setUp()[pri:0, instance:com.ohrm.qa.testcases.LoginPageTest@1e88b3c]" name="setUp" is-config="true" duration-ms="17754" started-at="2020-05-29T15:48:46Z" finished-at="2020-05-29T15:49:04Z">
          <reporter-output>
          </reporter-output>
        </test-method> <!-- setUp -->
        <test-method status="PASS" signature="loginPageTitleTest()[pri:0, instance:com.ohrm.qa.testcases.LoginPageTest@1e88b3c]" name="loginPageTitleTest" duration-ms="42" started-at="2020-05-29T15:49:04Z" finished-at="2020-05-29T15:49:04Z">
          <reporter-output>
          </reporter-output>
        </test-method> <!-- loginPageTitleTest -->
        <test-method status="PASS" signature="tearDown()[pri:0, instance:com.ohrm.qa.testcases.LoginPageTest@1e88b3c]" name="tearDown" is-config="true" duration-ms="1350" started-at="2020-05-29T15:49:04Z" finished-at="2020-05-29T15:49:05Z">
          <reporter-output>
          </reporter-output>
        </test-method> <!-- tearDown -->
        <test-method status="PASS" signature="setUp()[pri:0, instance:com.ohrm.qa.testcases.LoginPageTest@1e88b3c]" name="setUp" is-config="true" duration-ms="8151" started-at="2020-05-29T15:49:05Z" finished-at="2020-05-29T15:49:13Z">
          <reporter-output>
          </reporter-output>
        </test-method> <!-- setUp -->
        <test-method status="PASS" signature="LoginTest()[pri:0, instance:com.ohrm.qa.testcases.LoginPageTest@1e88b3c]" name="LoginTest" duration-ms="6109" started-at="2020-05-29T15:49:13Z" finished-at="2020-05-29T15:49:19Z">
          <reporter-output>
          </reporter-output>
        </test-method> <!-- LoginTest -->
        <test-method status="PASS" signature="tearDown()[pri:0, instance:com.ohrm.qa.testcases.LoginPageTest@1e88b3c]" name="tearDown" is-config="true" duration-ms="1208" started-at="2020-05-29T15:49:19Z" finished-at="2020-05-29T15:49:21Z">
          <reporter-output>
          </reporter-output>
        </test-method> <!-- tearDown -->
      </class> <!-- com.ohrm.qa.testcases.LoginPageTest -->
    </test> <!-- Default test -->
  </suite> <!-- Default suite -->
</testng-results>
